Starting "SYS"."SYS_EXPORT_TABLE_01":  
W-1 Startup on instance 1 took 1 seconds
W-1 Processing object type TABLE_EXPORT/TABLE/TABLE_DATA
W-1 Processing object type TABLE_EXPORT/TABLE/TABLE
W-1      Completed 145 TABLE objects in 48 seconds
W-1 . . exported "SYS"."WRH$$1_$$_SQL_PLAN"                    2.3 MB    3015 rows in 1 seconds using direct_path
W-1 . . exported "SYS"."WRH$$1_$$_SQLTEXT"                   343.8 KB     262 rows in 1 seconds using direct_path
W-1 . . exported "SYS"."WRH$$1_$$_CELL_CONFIG"                   0 KB       0 rows in 0 seconds using direct_path
W-1 . . exported "SYS"."WRH$$1_$$_ACTIVE_SESSION_HISTORY"    597.9 KB    1753 rows in 0 seconds using direct_path
W-1 . . exported "SYS"."WRH$$1_$$_APP_SQLSTAT"                   0 KB       0 rows in 0 seconds using direct_path
W-1 . . exported "SYS"."WRH$$1_$$_ASM_BAD_DISK"                  0 KB       0 rows in 0 seconds using direct_path
W-1 . . exported "SYS"."WRH$$1_$$_ASM_DISKGROUP"                 0 KB       0 rows in 0 seconds using direct_path
W-1 . . exported "SYS"."WRH$$1_$$_ASM_DISKGROUP_STAT"            0 KB       0 rows in 0 seconds using direct_path
W-1 . . exported "SYS"."WRH$$1_$$_ASM_DISK_STAT_SUMMARY"         0 KB       0 rows in 0 seconds using direct_path
W-1 . . exported "SYS"."WRH$$1_$$_AWR_TEST_1"                    0 KB       0 rows in 0 seconds using direct_path
W-1 . . exported "SYS"."WRH$$1_$$_BG_EVENT_SUMMARY"           89.3 KB    1873 rows in 0 seconds using direct_path
W-1 . . exported "SYS"."WRH$$1_$$_BUFFERED_QUEUES"               0 KB       0 rows in 0 seconds using direct_path
W-1 . . exported "SYS"."WRH$$1_$$_BUFFERED_SUBSCRIBERS"          0 KB       0 rows in 0 seconds using direct_path
W-1 . . exported "SYS"."WRH$$1_$$_BUFFER_POOL_STATISTICS"     17.9 KB      19 rows in 0 seconds using direct_path
W-1 . . exported "SYS"."WRH$$1_$$_CELL_CONFIG_DETAIL"            0 KB       0 rows in 0 seconds using direct_path
W-1 . . exported "SYS"."WRH$$1_$$_CELL_DB"                       0 KB       0 rows in 0 seconds using direct_path
W-1 . . exported "SYS"."WRH$$1_$$_CELL_DISK_SUMMARY"             0 KB       0 rows in 0 seconds using direct_path
W-1 . . exported "SYS"."WRH$$1_$$_CELL_EXC_STORAGEPOOL_STAT"      0 KB       0 rows in 0 seconds using direct_path
W-1 . . exported "SYS"."WRH$$1_$$_CELL_GLOBAL"                   0 KB       0 rows in 0 seconds using direct_path
W-1 . . exported "SYS"."WRH$$1_$$_CELL_GLOBAL_SUMMARY"           0 KB       0 rows in 0 seconds using direct_path
W-1 . . exported "SYS"."WRH$$1_$$_CELL_IOREASON"                 0 KB       0 rows in 0 seconds using direct_path
W-1 . . exported "SYS"."WRH$$1_$$_CELL_IOREASON_NAME"           12 KB     114 rows in 0 seconds using direct_path
W-1 . . exported "SYS"."WRH$$1_$$_CELL_METRIC_DESC"           43.7 KB     543 rows in 0 seconds using direct_path
W-1 . . exported "SYS"."WRH$$1_$$_CELL_OPEN_ALERTS"              0 KB       0 rows in 0 seconds using direct_path
W-1 . . exported "SYS"."WRH$$1_$$_CHANNEL_WAITS"              10.7 KB      38 rows in 0 seconds using direct_path
W-1 . . exported "SYS"."WRH$$1_$$_CLUSTER_INTERCON"              0 KB       0 rows in 0 seconds using direct_path
W-1 . . exported "SYS"."WRH$$1_$$_COMP_IOSTAT"                   0 KB       0 rows in 0 seconds using direct_path
W-1 . . exported "SYS"."WRH$$1_$$_CON_SYSMETRIC_HISTORY"         0 KB       0 rows in 0 seconds using direct_path
W-1 . . exported "SYS"."WRH$$1_$$_CON_SYSMETRIC_SUMMARY"     421.1 KB    4917 rows in 0 seconds using direct_path
W-1 . . exported "SYS"."WRH$$1_$$_CON_SYSSTAT"               332.9 KB    8823 rows in 1 seconds using direct_path
W-1 . . exported "SYS"."WRH$$1_$$_CON_SYSTEM_EVENT"          167.5 KB    3073 rows in 0 seconds using direct_path
W-1 . . exported "SYS"."WRH$$1_$$_CON_SYS_TIME_MODEL"         39.1 KB     855 rows in 0 seconds using direct_path
W-1 . . exported "SYS"."WRH$$1_$$_CR_BLOCK_SERVER"               0 KB       0 rows in 0 seconds using direct_path
W-1 . . exported "SYS"."WRH$$1_$$_CURRENT_BLOCK_SERVER"          0 KB       0 rows in 0 seconds using direct_path
W-1 . . exported "SYS"."WRH$$1_$$_DATAFILE"                    9.8 KB       8 rows in 0 seconds using direct_path
W-1 . . exported "SYS"."WRH$$1_$$_DB_CACHE_ADVICE"            40.2 KB     399 rows in 0 seconds using direct_path
W-1 . . exported "SYS"."WRH$$1_$$_DISPATCHER"                 10.9 KB      19 rows in 0 seconds using direct_path
W-1 . . exported "SYS"."WRH$$1_$$_DLM_MISC"                      0 KB       0 rows in 0 seconds using direct_path
W-1 . . exported "SYS"."WRH$$1_$$_DYN_REMASTER_STATS"            0 KB       0 rows in 0 seconds using direct_path
W-1 . . exported "SYS"."WRH$$1_$$_ENQUEUE_STAT"              134.1 KB    2072 rows in 0 seconds using direct_path
W-1 . . exported "SYS"."WRH$$1_$$_EVENT_HISTOGRAM"           514.8 KB   12965 rows in 0 seconds using direct_path
W-1 . . exported "SYS"."WRH$$1_$$_EVENT_NAME"                197.8 KB    2296 rows in 0 seconds using direct_path
W-1 . . exported "SYS"."WRH$$1_$$_FILEMETRIC_HISTORY"            0 KB       0 rows in 0 seconds using direct_path
W-1 . . exported "SYS"."WRH$$1_$$_FILESTATXS"                 26.3 KB     209 rows in 0 seconds using direct_path
W-1 . . exported "SYS"."WRH$$1_$$_IC_CLIENT_STATS"               0 KB       0 rows in 0 seconds using direct_path
W-1 . . exported "SYS"."WRH$$1_$$_IC_DEVICE_STATS"               0 KB       0 rows in 0 seconds using direct_path
W-1 . . exported "SYS"."WRH$$1_$$_IM_SEG_STAT"                   0 KB       0 rows in 0 seconds using direct_path
W-1 . . exported "SYS"."WRH$$1_$$_IM_SEG_STAT_OBJ"               0 KB       0 rows in 0 seconds using direct_path
W-1 . . exported "SYS"."WRH$$1_$$_INSTANCE_RECOVERY"          16.6 KB      19 rows in 0 seconds using direct_path
W-1 . . exported "SYS"."WRH$$1_$$_INST_CACHE_TRANSFER"           0 KB       0 rows in 0 seconds using direct_path
W-1 . . exported "SYS"."WRH$$1_$$_INTERCONNECT_PINGS"            0 KB       0 rows in 0 seconds using direct_path
W-1 . . exported "SYS"."WRH$$1_$$_INTERCONNECT_PING_HISTOGRAM"      0 KB       0 rows in 0 seconds using direct_path
W-1 . . exported "SYS"."WRH$$1_$$_IOSTAT_DETAIL"              35.9 KB     419 rows in 1 seconds using direct_path
W-1 . . exported "SYS"."WRH$$1_$$_IOSTAT_FILETYPE"            35.2 KB     323 rows in 0 seconds using direct_path
W-1 . . exported "SYS"."WRH$$1_$$_IOSTAT_FILETYPE_NAME"        7.4 KB      13 rows in 0 seconds using direct_path
W-1 . . exported "SYS"."WRH$$1_$$_IOSTAT_FUNCTION"              27 KB     285 rows in 0 seconds using direct_path
W-1 . . exported "SYS"."WRH$$1_$$_IOSTAT_FUNCTION_NAME"        7.4 KB      15 rows in 0 seconds using direct_path
W-1 . . exported "SYS"."WRH$$1_$$_JAVA_POOL_ADVICE"              0 KB       0 rows in 0 seconds using direct_path
W-1 . . exported "SYS"."WRH$$1_$$_LATCH"                       1.8 MB   31768 rows in 0 seconds using direct_path
W-1 . . exported "SYS"."WRH$$1_$$_LATCH_CHILDREN"                0 KB       0 rows in 0 seconds using direct_path
W-1 . . exported "SYS"."WRH$$1_$$_LATCH_MISSES_SUMMARY"       69.8 KB     897 rows in 0 seconds using direct_path
W-1 . . exported "SYS"."WRH$$1_$$_LATCH_NAME"                   90 KB    1472 rows in 0 seconds using direct_path
W-1 . . exported "SYS"."WRH$$1_$$_LATCH_PARENT"                  0 KB       0 rows in 0 seconds using direct_path
W-1 . . exported "SYS"."WRH$$1_$$_LIBRARYCACHE"               42.5 KB     485 rows in 0 seconds using direct_path
W-1 . . exported "SYS"."WRH$$1_$$_LMS_STATS"                     0 KB       0 rows in 0 seconds using direct_path
W-1 . . exported "SYS"."WRH$$1_$$_LOG"                        14.8 KB      57 rows in 0 seconds using direct_path
W-1 . . exported "SYS"."WRH$$1_$$_MEMORY_RESIZE_OPS"          14.4 KB      26 rows in 0 seconds using direct_path
W-1 . . exported "SYS"."WRH$$1_$$_MEMORY_TARGET_ADVICE"          0 KB       0 rows in 0 seconds using direct_path
W-1 . . exported "SYS"."WRH$$1_$$_MEM_DYNAMIC_COMP"           42.1 KB     418 rows in 0 seconds using direct_path
W-1 . . exported "SYS"."WRH$$1_$$_METRIC_NAME"                  54 KB     467 rows in 1 seconds using direct_path
W-1 . . exported "SYS"."WRH$$1_$$_MTTR_TARGET_ADVICE"            0 KB       0 rows in 0 seconds using direct_path
W-1 . . exported "SYS"."WRH$$1_$$_MUTEX_SLEEP"                32.3 KB     397 rows in 0 seconds using direct_path
W-1 . . exported "SYS"."WRH$$1_$$_MVPARAMETER"                18.8 KB     133 rows in 0 seconds using direct_path
W-1 . . exported "SYS"."WRH$$1_$$_OPTIMIZER_ENV"              39.3 KB      74 rows in 0 seconds using direct_path
W-1 . . exported "SYS"."WRH$$1_$$_OSSTAT"                     23.6 KB     475 rows in 0 seconds using direct_path
W-1 . . exported "SYS"."WRH$$1_$$_OSSTAT_NAME"                 7.9 KB      25 rows in 0 seconds using direct_path
W-1 . . exported "SYS"."WRH$$1_$$_PARAMETER"                 579.1 KB   11875 rows in 0 seconds using direct_path
W-1 . . exported "SYS"."WRH$$1_$$_PARAMETER_NAME"            382.7 KB    7206 rows in 0 seconds using direct_path
W-1 . . exported "SYS"."WRH$$1_$$_PERSISTENT_QMN_CACHE"       21.7 KB      50 rows in 0 seconds using direct_path
W-1 . . exported "SYS"."WRH$$1_$$_PERSISTENT_QUEUES"             0 KB       0 rows in 0 seconds using direct_path
W-1 . . exported "SYS"."WRH$$1_$$_PERSISTENT_SUBSCRIBERS"        0 KB       0 rows in 0 seconds using direct_path
W-1 . . exported "SYS"."WRH$$1_$$_PGASTAT"                    36.1 KB     536 rows in 0 seconds using direct_path
W-1 . . exported "SYS"."WRH$$1_$$_PGA_TARGET_ADVICE"          25.8 KB     266 rows in 0 seconds using direct_path
W-1 . . exported "SYS"."WRH$$1_$$_PLAN_OPERATION_NAME"        13.2 KB     160 rows in 0 seconds using direct_path
W-1 . . exported "SYS"."WRH$$1_$$_PLAN_OPTION_NAME"           18.4 KB     277 rows in 0 seconds using direct_path
W-1 . . exported "SYS"."WRH$$1_$$_PROCESS_MEMORY_SUMMARY"     23.1 KB     152 rows in 0 seconds using direct_path
W-1 . . exported "SYS"."WRH$$1_$$_PROCESS_WAITTIME"          261.7 KB    3957 rows in 0 seconds using direct_path
W-1 . . exported "SYS"."WRH$$1_$$_RECOVERY_PROGRESS"             0 KB       0 rows in 0 seconds using direct_path
W-1 . . exported "SYS"."WRH$$1_$$_REDO_TRANSPORT_ISSUES"       7.9 KB      19 rows in 0 seconds using direct_path
W-1 . . exported "SYS"."WRH$$1_$$_REPLICATION_TBL_STATS"         0 KB       0 rows in 0 seconds using direct_path
W-1 . . exported "SYS"."WRH$$1_$$_REPLICATION_TXN_STATS"         0 KB       0 rows in 0 seconds using direct_path
W-1 . . exported "SYS"."WRH$$1_$$_RESOURCE_LIMIT"               37 KB     418 rows in 0 seconds using direct_path
W-1 . . exported "SYS"."WRH$$1_$$_ROWCACHE_SUMMARY"           97.1 KB    1292 rows in 0 seconds using direct_path
W-1 . . exported "SYS"."WRH$$1_$$_RSRC_CONSUMER_GROUP"        51.4 KB     190 rows in 0 seconds using direct_path
W-1 . . exported "SYS"."WRH$$1_$$_RSRC_METRIC"                29.4 KB     190 rows in 0 seconds using direct_path
W-1 . . exported "SYS"."WRH$$1_$$_RSRC_PDB_METRIC"            23.7 KB      57 rows in 0 seconds using direct_path
W-1 . . exported "SYS"."WRH$$1_$$_RSRC_PLAN"                  14.3 KB      57 rows in 0 seconds using direct_path
W-1 . . exported "SYS"."WRH$$1_$$_RULE_SET"                     11 KB       2 rows in 0 seconds using direct_path
W-1 . . exported "SYS"."WRH$$1_$$_SEG_STAT"                  248.2 KB    1441 rows in 0 seconds using direct_path
W-1 . . exported "SYS"."WRH$$1_$$_SEG_STAT_OBJ"               43.5 KB     297 rows in 0 seconds using direct_path
W-1 . . exported "SYS"."WRH$$1_$$_SERVICE_NAME"                7.5 KB       5 rows in 0 seconds using direct_path
W-1 . . exported "SYS"."WRH$$1_$$_SERVICE_STAT"              145.5 KB    3230 rows in 0 seconds using direct_path
W-1 . . exported "SYS"."WRH$$1_$$_SERVICE_WAIT_CLASS"         30.1 KB     372 rows in 0 seconds using direct_path
W-1 . . exported "SYS"."WRH$$1_$$_SESSMETRIC_HISTORY"            0 KB       0 rows in 0 seconds using direct_path
W-1 . . exported "SYS"."WRH$$1_$$_SESS_NETWORK"                  0 KB       0 rows in 0 seconds using direct_path
W-1 . . exported "SYS"."WRH$$1_$$_SESS_SGA_STATS"                0 KB       0 rows in 0 seconds using direct_path
W-1 . . exported "SYS"."WRH$$1_$$_SESS_TIME_STATS"               0 KB       0 rows in 0 seconds using direct_path
W-1 . . exported "SYS"."WRH$$1_$$_SGA"                        11.2 KB      76 rows in 0 seconds using direct_path
W-1 . . exported "SYS"."WRH$$1_$$_SGASTAT"                    46.8 KB     660 rows in 0 seconds using direct_path
W-1 . . exported "SYS"."WRH$$1_$$_SGA_TARGET_ADVICE"          13.4 KB     114 rows in 0 seconds using direct_path
W-1 . . exported "SYS"."WRH$$1_$$_SHARED_POOL_ADVICE"         40.4 KB     478 rows in 1 seconds using direct_path
W-1 . . exported "SYS"."WRH$$1_$$_SHARED_SERVER_SUMMARY"      15.9 KB      19 rows in 0 seconds using direct_path
W-1 . . exported "SYS"."WRH$$1_$$_SQLCOMMAND_NAME"            15.5 KB     215 rows in 0 seconds using direct_path
W-1 . . exported "SYS"."WRH$$1_$$_SQLSTAT"                     550 KB    1807 rows in 0 seconds using direct_path
W-1 . . exported "SYS"."WRH$$1_$$_SQL_BIND_METADATA"          60.3 KB     768 rows in 0 seconds using direct_path
W-1 . . exported "SYS"."WRH$$1_$$_SQL_SUMMARY"                11.1 KB      56 rows in 0 seconds using direct_path
W-1 . . exported "SYS"."WRH$$1_$$_SQL_WORKAREA_HISTOGRAM"     15.8 KB     134 rows in 0 seconds using direct_path
W-1 . . exported "SYS"."WRH$$1_$$_STAT_NAME"                 176.9 KB    2882 rows in 0 seconds using direct_path
W-1 . . exported "SYS"."WRH$$1_$$_STREAMS_APPLY_SUM"             0 KB       0 rows in 0 seconds using direct_path
W-1 . . exported "SYS"."WRH$$1_$$_STREAMS_CAPTURE"               0 KB       0 rows in 0 seconds using direct_path
W-1 . . exported "SYS"."WRH$$1_$$_STREAMS_POOL_ADVICE"        11.2 KB      40 rows in 0 seconds using direct_path
W-1 . . exported "SYS"."WRH$$1_$$_SYSMETRIC_HISTORY"           1.3 MB   23368 rows in 0 seconds using direct_path
W-1 . . exported "SYS"."WRH$$1_$$_SYSMETRIC_SUMMARY"         273.4 KB    3059 rows in 0 seconds using direct_path
W-1 . . exported "SYS"."WRH$$1_$$_SYSSTAT"                     1.8 MB   54207 rows in 1 seconds using direct_path
W-1 . . exported "SYS"."WRH$$1_$$_SYSTEM_EVENT"              118.1 KB    2116 rows in 0 seconds using direct_path
W-1 . . exported "SYS"."WRH$$1_$$_SYS_TIME_MODEL"               29 KB     589 rows in 0 seconds using direct_path
W-1 . . exported "SYS"."WRH$$1_$$_TABLESPACE"                  9.7 KB      10 rows in 0 seconds using direct_path
W-1 . . exported "SYS"."WRH$$1_$$_TABLESPACE_SPACE_USAGE"     22.4 KB     228 rows in 0 seconds using direct_path
W-1 . . exported "SYS"."WRH$$1_$$_TABLESPACE_STAT"            20.5 KB     152 rows in 0 seconds using direct_path
W-1 . . exported "SYS"."WRH$$1_$$_TEMPFILE"                    9.3 KB       3 rows in 0 seconds using direct_path
W-1 . . exported "SYS"."WRH$$1_$$_TEMPSTATXS"                 15.5 KB      57 rows in 0 seconds using direct_path
W-1 . . exported "SYS"."WRH$$1_$$_THREAD"                     10.5 KB      19 rows in 0 seconds using direct_path
W-1 . . exported "SYS"."WRH$$1_$$_TOPLEVELCALL_NAME"          12.9 KB     163 rows in 0 seconds using direct_path
W-1 . . exported "SYS"."WRH$$1_$$_UNDOSTAT"                   27.5 KB     101 rows in 0 seconds using direct_path
W-1 . . exported "SYS"."WRH$$1_$$_WAITCLASSMETRIC_HISTORY"       0 KB       0 rows in 0 seconds using direct_path
W-1 . . exported "SYS"."WRH$$1_$$_WAITSTAT"                     53 KB    1026 rows in 0 seconds using direct_path
W-1 . . exported "SYS"."WRM$$1_$$_ACTIVE_PDBS"                   0 KB       0 rows in 0 seconds using direct_path
W-1 . . exported "SYS"."WRM$$1_$$_COLORED_SQL"                   0 KB       0 rows in 0 seconds using direct_path
W-1 . . exported "SYS"."WRM$$1_$$_DATABASE_INSTANCE"          12.8 KB       3 rows in 0 seconds using direct_path
W-1 . . exported "SYS"."WRM$$1_$$_PDB_INSTANCE"                 10 KB       9 rows in 0 seconds using direct_path
W-1 . . exported "SYS"."WRM$$1_$$_PDB_IN_SNAP"                 9.5 KB      57 rows in 0 seconds using direct_path
W-1 . . exported "SYS"."WRM$$1_$$_SNAPSHOT"                   13.7 KB      19 rows in 0 seconds using direct_path
W-1 . . exported "SYS"."WRM$$1_$$_SNAPSHOT_DETAILS"           98.9 KB    1920 rows in 0 seconds using direct_path
W-1 . . exported "SYS"."WRM$$1_$$_SNAP_ERROR"                    0 KB       0 rows in 0 seconds using direct_path
W-1 . . exported "SYS"."WRM$$1_$$_WR_CONTROL"                 17.2 KB       1 rows in 0 seconds using direct_path
W-1      Completed 145 TABLE_EXPORT/TABLE/TABLE_DATA objects in 10 seconds
W-1 Master table "SYS"."SYS_EXPORT_TABLE_01" successfully loaded/unloaded
Generating checksums for dump file set
******************************************************************************
Dump file set for SYS.SYS_EXPORT_TABLE_01 is:
  /var/tellme/obackup/awrdat_5_23.dmp
Job "SYS"."SYS_EXPORT_TABLE_01" successfully completed at Tue May 27 07:54:12 2025 elapsed 0 00:01:56
